Base path: C:/Program Files (x86)/Unity/Editor/Data
Pipe name: \\.\pipe\UnityShaderCompiler-2-1272
Cmd: getPlatforms
Cmd: compileSnippet
  api=8 type=0 insize=1526 outsize=1812 kw=SOFTPARTICLES_OFF ok=1
Cmd: compileSnippet
  api=1 type=0 insize=1526 outsize=344 kw=SOFTPARTICLES_ON ok=1
Cmd: compileSnippet
  api=1 type=1 insize=1526 outsize=141 kw=SOFTPARTICLES_OFF ok=1
Cmd: compileSnippet
  api=1 type=0 insize=984 outsize=428 kw= ok=1
Cmd: compileSnippet
  api=1 type=0 insize=984 outsize=382 kw= ok=1
Cmd: compileSnippet
  api=8 type=1 insize=984 outsize=675 kw= ok=1
Cmd: compileSnippet
  api=8 type=0 insize=397 outsize=1162 kw= ok=1
Cmd: compileSnippet
  api=1 type=1 insize=397 outsize=22 kw= ok=1
Cmd: compileSnippet
  api=1 type=0 insize=1643 outsize=299 kw= ok=1
Cmd: compileSnippet
  api=1 type=1 insize=410 outsize=172 kw= ok=1
Cmd: compileSnippet
  api=8 type=0 insize=1287 outsize=2023 kw= ok=1
Cmd: compileSnippet
  api=8 type=1 insize=1287 outsize=1942 kw= ok=1
Unhandled exception: Readfile from pipe failed. GLE=The pipe has been ended.


Quitting shader compiler process
